[INFO] Scanning for projects...
[INFO] 
[INFO] -------------------------< com.foodrescue:api >-------------------------
[INFO] Building foodrescue-api 0.0.1-SNAPSHOT
[INFO]   from pom.xml
[INFO] --------------------------------[ jar ]---------------------------------
[INFO] 
[INFO] --- clean:3.5.0:clean (default-clean) @ api ---
[INFO] Deleting D:\foodRescue\firsttry\backend\target
[INFO] 
[INFO] --- resources:3.3.1:resources (default-resources) @ api ---
[INFO] Copying 1 resource from src\main\resources to target\classes
[INFO] Copying 0 resource from src\main\resources to target\classes
[INFO] 
[INFO] --- compiler:3.14.1:compile (default-compile) @ api ---
[INFO] Recompiling the module because of changed source code.
[INFO] Compiling 8 source files with javac [debug parameters release 21] to target\classes
[INFO] Annotation processing is enabled because one or more processors were found
  on the class path. A future release of javac may disable annotation processing
  unless at least one processor is specified by name (-processor), or a search
  path is specified (--processor-path, --processor-module-path), or annotation
  processing is enabled explicitly (-proc:only, -proc:full).
  Use -Xlint:-options to suppress this message.
  Use -proc:none to disable annotation processing.
[INFO] -------------------------------------------------------------
[ERROR] COMPILATION ERROR : 
[INFO] -------------------------------------------------------------
[ERROR] /D:/foodRescue/firsttry/backend/src/main/java/com/foodrescue/api/model/User.java:[9,2] cannot find symbol
  symbol: class Entity
[ERROR] /D:/foodRescue/firsttry/backend/src/main/java/com/foodrescue/api/model/User.java:[10,2] cannot find symbol
  symbol: class Table
[ERROR] /D:/foodRescue/firsttry/backend/src/main/java/com/foodrescue/api/model/User.java:[3,1] package javax.persistence does not exist
[ERROR] /D:/foodRescue/firsttry/backend/src/main/java/com/foodrescue/api/model/Organization.java:[8,2] cannot find symbol
  symbol: class Entity
[ERROR] /D:/foodRescue/firsttry/backend/src/main/java/com/foodrescue/api/model/Organization.java:[9,2] cannot find symbol
  symbol: class Table
[ERROR] /D:/foodRescue/firsttry/backend/src/main/java/com/foodrescue/api/model/Organization.java:[3,1] package javax.persistence does not exist
[ERROR] /D:/foodRescue/firsttry/backend/src/main/java/com/foodrescue/api/model/User.java:[15,6] cannot find symbol
  symbol:   class Id
  location: class com.foodrescue.api.model.User
[ERROR] /D:/foodRescue/firsttry/backend/src/main/java/com/foodrescue/api/model/User.java:[16,6] cannot find symbol
  symbol:   class GeneratedValue
  location: class com.foodrescue.api.model.User
[ERROR] /D:/foodRescue/firsttry/backend/src/main/java/com/foodrescue/api/model/User.java:[16,32] cannot find symbol
  symbol:   variable GenerationType
  location: class com.foodrescue.api.model.User
[ERROR] /D:/foodRescue/firsttry/backend/src/main/java/com/foodrescue/api/model/User.java:[19,6] cannot find symbol
  symbol:   class Column
  location: class com.foodrescue.api.model.User
[ERROR] /D:/foodRescue/firsttry/backend/src/main/java/com/foodrescue/api/model/User.java:[22,6] cannot find symbol
  symbol:   class Column
  location: class com.foodrescue.api.model.User
[ERROR] /D:/foodRescue/firsttry/backend/src/main/java/com/foodrescue/api/model/User.java:[25,6] cannot find symbol
  symbol:   class Column
  location: class com.foodrescue.api.model.User
[ERROR] /D:/foodRescue/firsttry/backend/src/main/java/com/foodrescue/api/model/User.java:[28,6] cannot find symbol
  symbol:   class Column
  location: class com.foodrescue.api.model.User
[ERROR] /D:/foodRescue/firsttry/backend/src/main/java/com/foodrescue/api/model/Organization.java:[14,6] cannot find symbol
  symbol:   class Id
  location: class com.foodrescue.api.model.Organization
[ERROR] /D:/foodRescue/firsttry/backend/src/main/java/com/foodrescue/api/model/Organization.java:[15,6] cannot find symbol
  symbol:   class GeneratedValue
  location: class com.foodrescue.api.model.Organization
[ERROR] /D:/foodRescue/firsttry/backend/src/main/java/com/foodrescue/api/model/Organization.java:[15,32] cannot find symbol
  symbol:   variable GenerationType
  location: class com.foodrescue.api.model.Organization
[ERROR] /D:/foodRescue/firsttry/backend/src/main/java/com/foodrescue/api/model/Organization.java:[18,6] cannot find symbol
  symbol:   class Column
  location: class com.foodrescue.api.model.Organization
[ERROR] /D:/foodRescue/firsttry/backend/src/main/java/com/foodrescue/api/model/Organization.java:[21,6] cannot find symbol
  symbol:   class Column
  location: class com.foodrescue.api.model.Organization
[ERROR] /D:/foodRescue/firsttry/backend/src/main/java/com/foodrescue/api/model/Organization.java:[27,6] cannot find symbol
  symbol:   class ManyToOne
  location: class com.foodrescue.api.model.Organization
[ERROR] /D:/foodRescue/firsttry/backend/src/main/java/com/foodrescue/api/model/Organization.java:[28,6] cannot find symbol
  symbol:   class JoinColumn
  location: class com.foodrescue.api.model.Organization
[INFO] 20 errors 
[INFO] -------------------------------------------------------------
[INFO] ------------------------------------------------------------------------
[INFO] BUILD FAILURE
[INFO] ------------------------------------------------------------------------
[INFO] Total time:  4.885 s
[INFO] Finished at: 2026-01-25T17:11:33+05:30
[INFO] ------------------------------------------------------------------------
[ERROR] Failed to execute goal org.apache.maven.plugins:maven-compiler-plugin:3.14.1:compile (default-compile) on project api: Compilation failure: Compilation failure: 
[ERROR] /D:/foodRescue/firsttry/backend/src/main/java/com/foodrescue/api/model/User.java:[9,2] cannot find symbol
[ERROR]   symbol: class Entity
[ERROR] /D:/foodRescue/firsttry/backend/src/main/java/com/foodrescue/api/model/User.java:[10,2] cannot find symbol
[ERROR]   symbol: class Table
[ERROR] /D:/foodRescue/firsttry/backend/src/main/java/com/foodrescue/api/model/User.java:[3,1] package javax.persistence does not exist
[ERROR] /D:/foodRescue/firsttry/backend/src/main/java/com/foodrescue/api/model/Organization.java:[8,2] cannot find symbol
[ERROR]   symbol: class Entity
[ERROR] /D:/foodRescue/firsttry/backend/src/main/java/com/foodrescue/api/model/Organization.java:[9,2] cannot find symbol
[ERROR]   symbol: class Table
[ERROR] /D:/foodRescue/firsttry/backend/src/main/java/com/foodrescue/api/model/Organization.java:[3,1] package javax.persistence does not exist
[ERROR] /D:/foodRescue/firsttry/backend/src/main/java/com/foodrescue/api/model/User.java:[15,6] cannot find symbol
[ERROR]   symbol:   class Id
[ERROR]   location: class com.foodrescue.api.model.User
[ERROR] /D:/foodRescue/firsttry/backend/src/main/java/com/foodrescue/api/model/User.java:[16,6] cannot find symbol
[ERROR]   symbol:   class GeneratedValue
[ERROR]   location: class com.foodrescue.api.model.User
[ERROR] /D:/foodRescue/firsttry/backend/src/main/java/com/foodrescue/api/model/User.java:[16,32] cannot find symbol
[ERROR]   symbol:   variable GenerationType
[ERROR]   location: class com.foodrescue.api.model.User
[ERROR] /D:/foodRescue/firsttry/backend/src/main/java/com/foodrescue/api/model/User.java:[19,6] cannot find symbol
[ERROR]   symbol:   class Column
[ERROR]   location: class com.foodrescue.api.model.User
[ERROR] /D:/foodRescue/firsttry/backend/src/main/java/com/foodrescue/api/model/User.java:[22,6] cannot find symbol
[ERROR]   symbol:   class Column
[ERROR]   location: class com.foodrescue.api.model.User
[ERROR] /D:/foodRescue/firsttry/backend/src/main/java/com/foodrescue/api/model/User.java:[25,6] cannot find symbol
[ERROR]   symbol:   class Column
[ERROR]   location: class com.foodrescue.api.model.User
[ERROR] /D:/foodRescue/firsttry/backend/src/main/java/com/foodrescue/api/model/User.java:[28,6] cannot find symbol
[ERROR]   symbol:   class Column
[ERROR]   location: class com.foodrescue.api.model.User
[ERROR] /D:/foodRescue/firsttry/backend/src/main/java/com/foodrescue/api/model/Organization.java:[14,6] cannot find symbol
[ERROR]   symbol:   class Id
[ERROR]   location: class com.foodrescue.api.model.Organization
[ERROR] /D:/foodRescue/firsttry/backend/src/main/java/com/foodrescue/api/model/Organization.java:[15,6] cannot find symbol
[ERROR]   symbol:   class GeneratedValue
[ERROR]   location: class com.foodrescue.api.model.Organization
[ERROR] /D:/foodRescue/firsttry/backend/src/main/java/com/foodrescue/api/model/Organization.java:[15,32] cannot find symbol
[ERROR]   symbol:   variable GenerationType
[ERROR]   location: class com.foodrescue.api.model.Organization
[ERROR] /D:/foodRescue/firsttry/backend/src/main/java/com/foodrescue/api/model/Organization.java:[18,6] cannot find symbol
[ERROR]   symbol:   class Column
[ERROR]   location: class com.foodrescue.api.model.Organization
[ERROR] /D:/foodRescue/firsttry/backend/src/main/java/com/foodrescue/api/model/Organization.java:[21,6] cannot find symbol
[ERROR]   symbol:   class Column
[ERROR]   location: class com.foodrescue.api.model.Organization
[ERROR] /D:/foodRescue/firsttry/backend/src/main/java/com/foodrescue/api/model/Organization.java:[27,6] cannot find symbol
[ERROR]   symbol:   class ManyToOne
[ERROR]   location: class com.foodrescue.api.model.Organization
[ERROR] /D:/foodRescue/firsttry/backend/src/main/java/com/foodrescue/api/model/Organization.java:[28,6] cannot find symbol
[ERROR]   symbol:   class JoinColumn
[ERROR]   location: class com.foodrescue.api.model.Organization
[ERROR] -> [Help 1]
[ERROR] 
[ERROR] To see the full stack trace of the errors, re-run Maven with the -e switch.
[ERROR] Re-run Maven using the -X switch to enable full debug logging.
[ERROR] 
[ERROR] For more information about the errors and possible solutions, please read the following articles:
[ERROR] [Help 1] http://cwiki.apache.org/confluence/display/MAVEN/MojoFailureException
